<?xml version="1.0" encoding="UTF-8"?>
<!-- Generated by org.testng.reporters.JUnitXMLReporter -->
<testsuite ignored="0" hostname="USER-PC" failures="1" tests="1" name="Test(failed)" time="5.175" errors="0" timestamp="2023-01-22T15:39:41 IST">
  <testcase classname="testScript.FourTest" name="TestFour" time="0.658">
    <failure type="java.lang.AssertionError" message="expected [true] but found [false]">
      <![CDATA[java.lang.AssertionError: expected [true] but found [false]
at testScript.FourTest.TestFour(FourTest.java:26)
at java.base/java.util.ArrayList.forEach(ArrayList.java:1511)
... Removed 31 stack frames]]>
    </failure>
  </testcase> <!-- TestFour -->
</testsuite> <!-- Test(failed) -->
